[1m[35m********************************************************[0m
[1m[35m**********                                    **********[0m
[1m[35m**********    RSLidar_SDK Version: v1.5.9     **********[0m
[1m[35m**********                                    **********[0m
[1m[35m********************************************************[0m
[1m[32m------------------------------------------------------[0m
[1m[32mReceive Packets From : Online LiDAR[0m
[1m[32mMsop Port: 6699[0m
[1m[32mDifop Port: 7788[0m
[1m[32m------------------------------------------------------[0m
[1m[32m------------------------------------------------------[0m
[1m[32m             RoboSense Driver Parameters [0m
[32minput type: ONLINE_LIDAR[0m
[32mlidar_type: RS80[0m
[32mframe_id: rslidar[0m
[32m------------------------------------------------------[0m
[1m[32m------------------------------------------------------[0m
[1m[32m             RoboSense Input Parameters [0m
[32mmsop_port: 6699[0m
[32mdifop_port: 7788[0m
[32mhost_address: 0.0.0.0[0m
[32mgroup_address: 0.0.0.0[0m
[32mpcap_path: /home/robosense/lidar.pcap[0m
[32mpcap_rate: 1[0m
[32mpcap_repeat: 1[0m
[32muse_vlan: 0[0m
[32muser_layer_bytes: 0[0m
[32mtail_layer_bytes: 0[0m
[1m[32m------------------------------------------------------[0m
[1m[32m------------------------------------------------------[0m
[1m[32m             RoboSense Decoder Parameters [0m
[32mwait_for_difop: 1[0m
[32mmin_distance: 0.2[0m
[32mmax_distance: 200[0m
[32mstart_angle: 0[0m
[32mend_angle: 360[0m
[32muse_lidar_clock: 0[0m
[32mdense_points: 0[0m
[32mconfig_from_file: 0[0m
[32mangle_path: [0m
[32msplit_frame_mode: 1[0m
[32msplit_angle: 0[0m
[32mnum_blks_split: 0[0m
[1m[32m------------------------------------------------------[0m
[1m[32m------------------------------------------------------[0m
[1m[32m             RoboSense Transform Parameters [0m
[32mx: 0[0m
[32my: 0[0m
[32mz: 0[0m
[32mroll: 0[0m
[32mpitch: 0[0m
[32myaw: 0[0m
[1m[32m------------------------------------------------------[0m
[1m[36m------------------------------------------------------[0m
[1m[36mSend PointCloud To : ROS[0m
[1m[36mPointCloud Topic: /rslidar_points[0m
[1m[36m------------------------------------------------------[0m
[1m[37mRoboSense-LiDAR-Driver is running.....[0m
[31m[rslidar_sdk_node-1] process has died [pid 453560, exit code -15, cmd /home/nvidia/ws_rslidar_sdk/devel/lib/rslidar_sdk/rslidar_sdk_node __name:=rslidar_sdk_node __log:=/home/nvidia/.ros/log/1f857ba0-b919-11ed-becc-c39a650d98fe/rslidar_sdk_node-1.log].
log file: /home/nvidia/.ros/log/1f857ba0-b919-11ed-becc-c39a650d98fe/rslidar_sdk_node-1*.log[0m
... logging to /home/nvidia/.ros/log/1f857ba0-b919-11ed-becc-c39a650d98fe/roslaunch-nvidianvidia-453536.log
Checking log directory for disk usage. This may take a while.
Press Ctrl-C to interrupt
Done checking log file disk usage. Usage is <1GB.
]2;/home/nvidia/ws_rslidar_sdk/src/rslidar_sdk-v1.5.9/launch/start.launch
[1mstarted roslaunch server http://nvidianvidia:36265/[0m

SUMMARY
========

PARAMETERS
 * /rosdistro: noetic
 * /rosversion: 1.16.0
 * /rslidar_sdk_node/config_path: 

NODES
  /
    rslidar_sdk_node (rslidar_sdk/rslidar_sdk_node)

[1mROS_MASTER_URI=http://localhost:11311[0m
]2;/home/nvidia/ws_rslidar_sdk/src/rslidar_sdk-v1.5.9/launch/start.launch http://localhost:11311
[1mprocess[rslidar_sdk_node-1]: started with pid [453560][0m
all processes on machine have died, roslaunch will exit
shutting down processing monitor...
... shutting down processing monitor complete
[1mdone[0m
